<?xml version="1.0" encoding="UTF-8"?>
<!-- Generated by org.testng.reporters.JUnitReportReporter -->
<testsuite hostname="DESKTOP-P3VSL9N" failures="0" tests="1" name="testNG.Capturescreenshot" time="7.276" errors="0" timestamp="2024-01-17T02:03:01 IST" skipped="0">
  <testcase classname="testNG.Capturescreenshot" name="capturess" time="7.276"/>
  <system-out/>
</testsuite> <!-- testNG.Capturescreenshot -->
