<?xml version="1.0" encoding="UTF-8"?>
<!-- Generated by org.testng.reporters.JUnitReportReporter -->
<testsuite hostname="DESKTOP-P3VSL9N" failures="0" tests="3" name="pageobjectmodel.Testcase.Loginpagetest" time="0.363" errors="0" timestamp="2024-01-17T03:20:04 IST" skipped="0">
  <testcase classname="pageobjectmodel.Testcase.Loginpagetest" name="verifyURL" time="0.018"/>
  <system-out/>
  <testcase classname="pageobjectmodel.Testcase.Loginpagetest" name="verifyTitle" time="0.015"/>
  <system-out/>
  <testcase classname="pageobjectmodel.Testcase.Loginpagetest" name="verifylogin" time="0.330"/>
  <system-out/>
</testsuite> <!-- pageobjectmodel.Testcase.Loginpagetest -->
