<?xml version="1.0" encoding="UTF-8"?>
<!-- Generated by org.testng.reporters.JUnitReportReporter -->
<testsuite hostname="DESKTOP-P3VSL9N" failures="0" tests="3" name="docker_seleniumGrid.DevopsAssignmnt_crossbrowser" time="19.074" errors="0" timestamp="2024-01-23T04:15:40 IST" skipped="0">
  <testcase classname="docker_seleniumGrid.DevopsAssignmnt_crossbrowser" name="chrome" time="5.373"/>
  <system-out/>
  <testcase classname="docker_seleniumGrid.DevopsAssignmnt_crossbrowser" name="edge" time="4.647"/>
  <system-out/>
  <testcase classname="docker_seleniumGrid.DevopsAssignmnt_crossbrowser" name="firefox" time="9.054"/>
  <system-out/>
</testsuite> <!-- docker_seleniumGrid.DevopsAssignmnt_crossbrowser -->
